<?xml version="1.0" encoding="UTF-8"?>
<robot generator="Robot 4.1.3 (Python 3.8.2 on win32)" generated="20220101 20:33:03.855" rpa="false" schemaversion="2">
<suite id="s1" name="FormwiseTest" source="C:\Users\user\PycharmProjects\Autoformwise\Tests\FormwiseTest.robot">
<test id="s1-t1" name="TC01">
<kw name="Test1">
<kw name="Open Browser" library="SeleniumLibrary">
<arg>about:blank</arg>
<arg>chrome</arg>
<doc>Opens a new browser instance to the optional ``url``.</doc>
<msg timestamp="20220101 20:33:05.485" level="INFO">Opening browser 'chrome' to base url 'about:blank'.</msg>
<status status="PASS" starttime="20220101 20:33:05.484" endtime="20220101 20:33:07.589"/>
</kw>
<kw name="Maximize Browser Window" library="SeleniumLibrary">
<doc>Maximizes current browser window.</doc>
<status status="PASS" starttime="20220101 20:33:07.590" endtime="20220101 20:33:08.063"/>
</kw>
<for flavor="IN RANGE">
<var>${index}</var>
<value>1</value>
<value>4</value>
<iter>
<var name="${index}">1</var>
<kw name="Open Excel Document" library="ExcelLibrary">
<arg>Input/TestData.xlsx</arg>
<arg>useTempDir=False</arg>
<doc>Opens xlsx document file.</doc>
<status status="PASS" starttime="20220101 20:33:08.064" endtime="20220101 20:33:08.080"/>
</kw>
<kw name="Evaluate" library="BuiltIn">
<var>${index}</var>
<arg>${index}+1</arg>
<doc>Evaluates the given expression in Python and returns the result.</doc>
<msg timestamp="20220101 20:33:08.081" level="INFO">${index} = 2</msg>
<status status="PASS" starttime="20220101 20:33:08.080" endtime="20220101 20:33:08.081"/>
</kw>
<kw name="Read Excel Row" library="ExcelLibrary">
<var>${rowdata}</var>
<arg>row_num=${index}</arg>
<arg>col_offset=1</arg>
<arg>max_num=13</arg>
<arg>sheet_name=FormData</arg>
<doc>Returns content of a row from the current sheet of the document.</doc>
<msg timestamp="20220101 20:33:08.083" level="INFO">${rowdata} = ['John', 'Doe', 'jdoe@ymail.com', 'Male', 9101200490, '1980', 0, 10, 'English', 'Sports', '123 Example Address on Example Highway', 'NCR', 'Delhi']</msg>
<status status="PASS" starttime="20220101 20:33:08.081" endtime="20220101 20:33:08.083"/>
</kw>
<kw name="Close All Excel Documents" library="ExcelLibrary">
<doc>Closes all opened documents.</doc>
<status status="PASS" starttime="20220101 20:33:08.083" endtime="20220101 20:33:08.083"/>
</kw>
<kw name="Go To" library="SeleniumLibrary">
<arg>https://demoqa.com/automation-practice-form</arg>
<doc>Navigates the current browser window to the provided ``url``.</doc>
<msg timestamp="20220101 20:33:08.084" level="INFO">Opening url 'https://demoqa.com/automation-practice-form'</msg>
<status status="PASS" starttime="20220101 20:33:08.084" endtime="20220101 20:33:19.224"/>
</kw>
<kw name="Wait Until Element Is Visible" library="SeleniumLibrary">
<arg>${first_name}</arg>
<arg>timeout=10s</arg>
<doc>Waits until the element ``locator`` is visible.</doc>
<status status="PASS" starttime="20220101 20:33:19.225" endtime="20220101 20:33:19.268"/>
</kw>
<kw name="Input Text" library="SeleniumLibrary">
<arg>${first_name}</arg>
<arg>${rowdata}[0]</arg>
<doc>Types the given ``text`` into the text field identified by ``locator``.</doc>
<msg timestamp="20220101 20:33:19.270" level="INFO">Typing text 'John' into text field 'css=#firstName'.</msg>
<status status="PASS" starttime="20220101 20:33:19.269" endtime="20220101 20:33:19.422"/>
</kw>
<kw name="Input Text" library="SeleniumLibrary">
<arg>${last_name}</arg>
<arg>${rowdata}[1]</arg>
<doc>Types the given ``text`` into the text field identified by ``locator``.</doc>
<msg timestamp="20220101 20:33:19.424" level="INFO">Typing text 'Doe' into text field 'css=#lastName'.</msg>
<status status="PASS" starttime="20220101 20:33:19.422" endtime="20220101 20:33:19.596"/>
</kw>
<kw name="Input Text" library="SeleniumLibrary">
<arg>${email_id}</arg>
<arg>${rowdata}[2]</arg>
<doc>Types the given ``text`` into the text field identified by ``locator``.</doc>
<msg timestamp="20220101 20:33:19.597" level="INFO">Typing text 'jdoe@ymail.com' into text field 'css=#userEmail'.</msg>
<status status="PASS" starttime="20220101 20:33:19.597" endtime="20220101 20:33:20.073"/>
</kw>
<if>
<branch type="IF" condition="'${rowdata}[3]' == '${listgender}[0]'">
<kw name="Click Element" library="SeleniumLibrary">
<arg>//label[contains(text(),'Male')]</arg>
<doc>Click the element identified by ``locator``.</doc>
<msg timestamp="20220101 20:33:20.074" level="INFO">Clicking element '//label[contains(text(),'Male')]'.</msg>
<status status="PASS" starttime="20220101 20:33:20.074" endtime="20220101 20:33:20.242"/>
</kw>
<status status="PASS" starttime="20220101 20:33:20.074" endtime="20220101 20:33:20.243"/>
</branch>
<branch type="ELSE IF" condition="'${rowdata}[3]' == '${listgender}[1]'">
<kw name="Click Element" library="SeleniumLibrary">
<arg>//label[contains(text(),'Female')]</arg>
<doc>Click the element identified by ``locator``.</doc>
<status status="NOT RUN" starttime="20220101 20:33:20.243" endtime="20220101 20:33:20.243"/>
</kw>
<status status="NOT RUN" starttime="20220101 20:33:20.243" endtime="20220101 20:33:20.243"/>
</branch>
<branch type="ELSE">
<kw name="Click Element" library="SeleniumLibrary">
<arg>//label[contains(text(),'Other')]</arg>
<doc>Click the element identified by ``locator``.</doc>
<status status="NOT RUN" starttime="20220101 20:33:20.244" endtime="20220101 20:33:20.244"/>
</kw>
<status status="NOT RUN" starttime="20220101 20:33:20.243" endtime="20220101 20:33:20.244"/>
</branch>
<status status="PASS" starttime="20220101 20:33:20.073" endtime="20220101 20:33:20.244"/>
</if>
<kw name="Input Text" library="SeleniumLibrary">
<arg>${mobile_num}</arg>
<arg>${rowdata}[4]</arg>
<doc>Types the given ``text`` into the text field identified by ``locator``.</doc>
<msg timestamp="20220101 20:33:20.245" level="INFO">Typing text '9101200490' into text field 'xpath=//input[@placeholder='Mobile Number']'.</msg>
<status status="PASS" starttime="20220101 20:33:20.244" endtime="20220101 20:33:20.521"/>
</kw>
<kw name="Click Element" library="SeleniumLibrary">
<arg>${adclose}</arg>
<doc>Click the element identified by ``locator``.</doc>
<msg timestamp="20220101 20:33:20.522" level="INFO">Clicking element 'css=#close-fixedban'.</msg>
<status status="PASS" starttime="20220101 20:33:20.521" endtime="20220101 20:33:20.613"/>
</kw>
<kw name="Scroll Element Into View" library="SeleniumLibrary">
<arg>${submit}</arg>
<doc>Scrolls the element identified by ``locator`` into view.</doc>
<status status="PASS" starttime="20220101 20:33:20.614" endtime="20220101 20:33:20.929"/>
</kw>
<kw name="Click Element" library="SeleniumLibrary">
<arg>${dob}</arg>
<doc>Click the element identified by ``locator``.</doc>
<msg timestamp="20220101 20:33:20.931" level="INFO">Clicking element 'css=#dateOfBirthInput'.</msg>
<status status="PASS" starttime="20220101 20:33:20.930" endtime="20220101 20:33:21.261"/>
</kw>
<kw name="Select From List By Value" library="SeleniumLibrary">
<arg>${yearselector}</arg>
<arg>${rowdata}[5]</arg>
<doc>Selects options from selection list ``locator`` by ``values``.</doc>
<msg timestamp="20220101 20:33:21.262" level="INFO">Selecting options from selection list 'css=.react-datepicker__year-select' by value 1980.</msg>
<status status="PASS" starttime="20220101 20:33:21.262" endtime="20220101 20:33:21.473"/>
</kw>
<kw name="Select From List By Value" library="SeleniumLibrary">
<arg>${monthselector}</arg>
<arg>${rowdata}[6]</arg>
<doc>Selects options from selection list ``locator`` by ``values``.</doc>
<msg timestamp="20220101 20:33:21.474" level="INFO">Selecting options from selection list 'css=.react-datepicker__month-select' by value 0.</msg>
<status status="PASS" starttime="20220101 20:33:21.473" endtime="20220101 20:33:21.553"/>
</kw>
<kw name="Click Element" library="SeleniumLibrary">
<arg>${datepicker}/div[text()='${rowdata}[7]']</arg>
<doc>Click the element identified by ``locator``.</doc>
<msg timestamp="20220101 20:33:21.554" level="INFO">Clicking element '//div[@class='react-datepicker__week']/div[text()='10']'.</msg>
<status status="PASS" starttime="20220101 20:33:21.553" endtime="20220101 20:33:21.746"/>
</kw>
<kw name="Click Element" library="SeleniumLibrary">
<arg>${subject}</arg>
<doc>Click the element identified by ``locator``.</doc>
<msg timestamp="20220101 20:33:21.747" level="INFO">Clicking element 'css=.subjects-auto-complete__value-container'.</msg>
<status status="PASS" starttime="20220101 20:33:21.747" endtime="20220101 20:33:21.871"/>
</kw>
<kw name="Press Keys" library="SeleniumLibrary">
<arg>${subject}</arg>
<arg>${rowdata}[8]</arg>
<arg>RETURN</arg>
<doc>Simulates the user pressing key(s) to an element or on the active browser.</doc>
<msg timestamp="20220101 20:33:21.873" level="INFO">Sending key(s) ('English', 'RETURN') to css=.subjects-auto-complete__value-container element.</msg>
<msg timestamp="20220101 20:33:22.201" level="INFO">Sending keys English</msg>
<msg timestamp="20220101 20:33:22.479" level="INFO">Pressing special key RETURN to element.</msg>
<msg timestamp="20220101 20:33:22.479" level="INFO">Releasing special key RETURN.</msg>
<status status="PASS" starttime="20220101 20:33:21.871" endtime="20220101 20:33:22.593"/>
</kw>
<if>
<branch type="IF" condition="'${rowdata}[9]' == '${listhobbies}[0]'">
<kw name="Click Element" library="SeleniumLibrary">
<arg>//label[contains(text(),'Sports')]</arg>
<doc>Click the element identified by ``locator``.</doc>
<msg timestamp="20220101 20:33:22.594" level="INFO">Clicking element '//label[contains(text(),'Sports')]'.</msg>
<status status="PASS" starttime="20220101 20:33:22.593" endtime="20220101 20:33:22.757"/>
</kw>
<status status="PASS" starttime="20220101 20:33:22.593" endtime="20220101 20:33:22.757"/>
</branch>
<branch type="ELSE IF" condition="'${rowdata}[9]' == '${listhobbies}[1]'">
<kw name="Click Element" library="SeleniumLibrary">
<arg>//label[contains(text(),'Reading')]</arg>
<doc>Click the element identified by ``locator``.</doc>
<status status="NOT RUN" starttime="20220101 20:33:22.757" endtime="20220101 20:33:22.758"/>
</kw>
<status status="NOT RUN" starttime="20220101 20:33:22.757" endtime="20220101 20:33:22.758"/>
</branch>
<branch type="ELSE">
<kw name="Click Element" library="SeleniumLibrary">
<arg>//label[contains(text(),'Music')]</arg>
<doc>Click the element identified by ``locator``.</doc>
<status status="NOT RUN" starttime="20220101 20:33:22.758" endtime="20220101 20:33:22.758"/>
</kw>
<status status="NOT RUN" starttime="20220101 20:33:22.758" endtime="20220101 20:33:22.758"/>
</branch>
<status status="PASS" starttime="20220101 20:33:22.593" endtime="20220101 20:33:22.758"/>
</if>
<kw name="Input Text" library="SeleniumLibrary">
<arg>${currentAddress}</arg>
<arg>${rowdata}[10]</arg>
<doc>Types the given ``text`` into the text field identified by ``locator``.</doc>
<msg timestamp="20220101 20:33:22.759" level="INFO">Typing text '123 Example Address on Example Highway' into text field 'id=currentAddress'.</msg>
<status status="PASS" starttime="20220101 20:33:22.758" endtime="20220101 20:33:23.139"/>
</kw>
<kw name="Click Element" library="SeleniumLibrary">
<arg>${state}</arg>
<doc>Click the element identified by ``locator``.</doc>
<msg timestamp="20220101 20:33:23.140" level="INFO">Clicking element 'xpath=//div[contains(text(),'Select State')]'.</msg>
<status status="PASS" starttime="20220101 20:33:23.140" endtime="20220101 20:33:23.325"/>
</kw>
<kw name="Press Keys" library="SeleniumLibrary">
<arg>${state}</arg>
<arg>${rowdata}[11]</arg>
<arg>RETURN</arg>
<doc>Simulates the user pressing key(s) to an element or on the active browser.</doc>
<msg timestamp="20220101 20:33:23.326" level="INFO">Sending key(s) ('NCR', 'RETURN') to xpath=//div[contains(text(),'Select State')] element.</msg>
<msg timestamp="20220101 20:33:23.703" level="INFO">Sending keys NCR</msg>
<msg timestamp="20220101 20:33:23.805" level="INFO">Pressing special key RETURN to element.</msg>
<msg timestamp="20220101 20:33:23.806" level="INFO">Releasing special key RETURN.</msg>
<status status="PASS" starttime="20220101 20:33:23.325" endtime="20220101 20:33:23.839"/>
</kw>
<kw name="Set Selenium Speed" library="SeleniumLibrary">
<arg>0.5</arg>
<doc>Sets the delay that is waited after each Selenium command.</doc>
<status status="PASS" starttime="20220101 20:33:23.840" endtime="20220101 20:33:23.840"/>
</kw>
<kw name="Click Element" library="SeleniumLibrary">
<arg>${city}</arg>
<doc>Click the element identified by ``locator``.</doc>
<msg timestamp="20220101 20:33:23.841" level="INFO">Clicking element 'css=#city'.</msg>
<status status="PASS" starttime="20220101 20:33:23.840" endtime="20220101 20:33:25.038"/>
</kw>
<kw name="Press Keys" library="SeleniumLibrary">
<arg>${city}</arg>
<arg>${rowdata}[12]</arg>
<arg>RETURN</arg>
<doc>Simulates the user pressing key(s) to an element or on the active browser.</doc>
<msg timestamp="20220101 20:33:25.039" level="INFO">Sending key(s) ('Delhi', 'RETURN') to css=#city element.</msg>
<msg timestamp="20220101 20:33:26.386" level="INFO">Sending keys Delhi</msg>
<msg timestamp="20220101 20:33:27.021" level="INFO">Pressing special key RETURN to element.</msg>
<msg timestamp="20220101 20:33:27.021" level="INFO">Releasing special key RETURN.</msg>
<status status="PASS" starttime="20220101 20:33:25.038" endtime="20220101 20:33:27.556"/>
</kw>
<kw name="Set Selenium Speed" library="SeleniumLibrary">
<arg>0</arg>
<doc>Sets the delay that is waited after each Selenium command.</doc>
<status status="PASS" starttime="20220101 20:33:27.556" endtime="20220101 20:33:27.557"/>
</kw>
<kw name="Click Button" library="SeleniumLibrary">
<arg>${submit}</arg>
<doc>Clicks the button identified by ``locator``.</doc>
<msg timestamp="20220101 20:33:27.557" level="INFO">Clicking button 'css=#submit'.</msg>
<status status="PASS" starttime="20220101 20:33:27.557" endtime="20220101 20:33:27.785"/>
</kw>
<kw name="Wait Until Element Is Visible" library="SeleniumLibrary">
<arg>${modal}</arg>
<arg>timeout=10s</arg>
<doc>Waits until the element ``locator`` is visible.</doc>
<status status="PASS" starttime="20220101 20:33:27.785" endtime="20220101 20:33:27.895"/>
</kw>
<kw name="Click Element" library="SeleniumLibrary">
<arg>css=#closeLargeModal</arg>
<doc>Click the element identified by ``locator``.</doc>
<msg timestamp="20220101 20:33:27.896" level="INFO">Clicking element 'css=#closeLargeModal'.</msg>
<status status="PASS" starttime="20220101 20:33:27.895" endtime="20220101 20:33:28.150"/>
</kw>
<kw name="Sleep" library="BuiltIn">
<arg>5s</arg>
<doc>Pauses the test executed for the given time.</doc>
<msg timestamp="20220101 20:33:33.154" level="INFO">Slept 5 seconds</msg>
<status status="PASS" starttime="20220101 20:33:28.150" endtime="20220101 20:33:33.154"/>
</kw>
<kw name="Open Excel Document" library="ExcelLibrary">
<arg>Input/TestData.xlsx</arg>
<arg>useTempDir=True</arg>
<doc>Opens xlsx document file.</doc>
<status status="PASS" starttime="20220101 20:33:33.154" endtime="20220101 20:33:33.168"/>
</kw>
<kw name="Write Excel Column" library="ExcelLibrary">
<arg>col_num=15</arg>
<arg>col_data=${rowdata}</arg>
<arg>row_offset=1</arg>
<arg>sheet_name=FormData</arg>
<doc>Writes the data to a column.</doc>
<status status="PASS" starttime="20220101 20:33:33.169" endtime="20220101 20:33:33.170"/>
</kw>
<kw name="Close All Excel Documents" library="ExcelLibrary">
<doc>Closes all opened documents.</doc>
<status status="PASS" starttime="20220101 20:33:33.170" endtime="20220101 20:33:33.171"/>
</kw>
<status status="PASS" starttime="20220101 20:33:08.063" endtime="20220101 20:33:33.171"/>
</iter>
<iter>
<var name="${index}">2</var>
<kw name="Open Excel Document" library="ExcelLibrary">
<arg>Input/TestData.xlsx</arg>
<arg>useTempDir=False</arg>
<doc>Opens xlsx document file.</doc>
<status status="PASS" starttime="20220101 20:33:33.171" endtime="20220101 20:33:33.186"/>
</kw>
<kw name="Evaluate" library="BuiltIn">
<var>${index}</var>
<arg>${index}+1</arg>
<doc>Evaluates the given expression in Python and returns the result.</doc>
<msg timestamp="20220101 20:33:33.187" level="INFO">${index} = 3</msg>
<status status="PASS" starttime="20220101 20:33:33.186" endtime="20220101 20:33:33.187"/>
</kw>
<kw name="Read Excel Row" library="ExcelLibrary">
<var>${rowdata}</var>
<arg>row_num=${index}</arg>
<arg>col_offset=1</arg>
<arg>max_num=13</arg>
<arg>sheet_name=FormData</arg>
<doc>Returns content of a row from the current sheet of the document.</doc>
<msg timestamp="20220101 20:33:33.188" level="INFO">${rowdata} = ['Jane', 'Doe', 'janedoe@hmail.com', 'Female', 8014090876, '1984', 11, 31, 'Computer Science', 'Reading', '569 Cows Own Road, Cattle Xing', 'Uttar Pradesh', 'Lucknow']</msg>
<status status="PASS" starttime="20220101 20:33:33.187" endtime="20220101 20:33:33.189"/>
</kw>
<kw name="Close All Excel Documents" library="ExcelLibrary">
<doc>Closes all opened documents.</doc>
<status status="PASS" starttime="20220101 20:33:33.189" endtime="20220101 20:33:33.189"/>
</kw>
<kw name="Go To" library="SeleniumLibrary">
<arg>https://demoqa.com/automation-practice-form</arg>
<doc>Navigates the current browser window to the provided ``url``.</doc>
<msg timestamp="20220101 20:33:33.189" level="INFO">Opening url 'https://demoqa.com/automation-practice-form'</msg>
<status status="PASS" starttime="20220101 20:33:33.189" endtime="20220101 20:33:36.178"/>
</kw>
<kw name="Wait Until Element Is Visible" library="SeleniumLibrary">
<arg>${first_name}</arg>
<arg>timeout=10s</arg>
<doc>Waits until the element ``locator`` is visible.</doc>
<status status="PASS" starttime="20220101 20:33:36.180" endtime="20220101 20:33:36.224"/>
</kw>
<kw name="Input Text" library="SeleniumLibrary">
<arg>${first_name}</arg>
<arg>${rowdata}[0]</arg>
<doc>Types the given ``text`` into the text field identified by ``locator``.</doc>
<msg timestamp="20220101 20:33:36.225" level="INFO">Typing text 'Jane' into text field 'css=#firstName'.</msg>
<status status="PASS" starttime="20220101 20:33:36.225" endtime="20220101 20:33:36.402"/>
</kw>
<kw name="Input Text" library="SeleniumLibrary">
<arg>${last_name}</arg>
<arg>${rowdata}[1]</arg>
<doc>Types the given ``text`` into the text field identified by ``locator``.</doc>
<msg timestamp="20220101 20:33:36.403" level="INFO">Typing text 'Doe' into text field 'css=#lastName'.</msg>
<status status="PASS" starttime="20220101 20:33:36.402" endtime="20220101 20:33:36.584"/>
</kw>
<kw name="Input Text" library="SeleniumLibrary">
<arg>${email_id}</arg>
<arg>${rowdata}[2]</arg>
<doc>Types the given ``text`` into the text field identified by ``locator``.</doc>
<msg timestamp="20220101 20:33:36.585" level="INFO">Typing text 'janedoe@hmail.com' into text field 'css=#userEmail'.</msg>
<status status="PASS" starttime="20220101 20:33:36.584" endtime="20220101 20:33:36.786"/>
</kw>
<if>
<branch type="IF" condition="'${rowdata}[3]' == '${listgender}[0]'">
<kw name="Click Element" library="SeleniumLibrary">
<arg>//label[contains(text(),'Male')]</arg>
<doc>Click the element identified by ``locator``.</doc>
<status status="NOT RUN" starttime="20220101 20:33:36.787" endtime="20220101 20:33:36.787"/>
</kw>
<status status="NOT RUN" starttime="20220101 20:33:36.787" endtime="20220101 20:33:36.787"/>
</branch>
<branch type="ELSE IF" condition="'${rowdata}[3]' == '${listgender}[1]'">
<kw name="Click Element" library="SeleniumLibrary">
<arg>//label[contains(text(),'Female')]</arg>
<doc>Click the element identified by ``locator``.</doc>
<msg timestamp="20220101 20:33:36.789" level="INFO">Clicking element '//label[contains(text(),'Female')]'.</msg>
<status status="PASS" starttime="20220101 20:33:36.788" endtime="20220101 20:33:36.975"/>
</kw>
<status status="PASS" starttime="20220101 20:33:36.788" endtime="20220101 20:33:36.975"/>
</branch>
<branch type="ELSE">
<kw name="Click Element" library="SeleniumLibrary">
<arg>//label[contains(text(),'Other')]</arg>
<doc>Click the element identified by ``locator``.</doc>
<status status="NOT RUN" starttime="20220101 20:33:36.975" endtime="20220101 20:33:36.975"/>
</kw>
<status status="NOT RUN" starttime="20220101 20:33:36.975" endtime="20220101 20:33:36.975"/>
</branch>
<status status="PASS" starttime="20220101 20:33:36.786" endtime="20220101 20:33:36.976"/>
</if>
<kw name="Input Text" library="SeleniumLibrary">
<arg>${mobile_num}</arg>
<arg>${rowdata}[4]</arg>
<doc>Types the given ``text`` into the text field identified by ``locator``.</doc>
<msg timestamp="20220101 20:33:36.977" level="INFO">Typing text '8014090876' into text field 'xpath=//input[@placeholder='Mobile Number']'.</msg>
<status status="PASS" starttime="20220101 20:33:36.976" endtime="20220101 20:33:37.321"/>
</kw>
<kw name="Click Element" library="SeleniumLibrary">
<arg>${adclose}</arg>
<doc>Click the element identified by ``locator``.</doc>
<msg timestamp="20220101 20:33:37.322" level="INFO">Clicking element 'css=#close-fixedban'.</msg>
<status status="PASS" starttime="20220101 20:33:37.321" endtime="20220101 20:33:37.515"/>
</kw>
<kw name="Scroll Element Into View" library="SeleniumLibrary">
<arg>${submit}</arg>
<doc>Scrolls the element identified by ``locator`` into view.</doc>
<status status="PASS" starttime="20220101 20:33:37.515" endtime="20220101 20:33:38.060"/>
</kw>
<kw name="Click Element" library="SeleniumLibrary">
<arg>${dob}</arg>
<doc>Click the element identified by ``locator``.</doc>
<msg timestamp="20220101 20:33:38.061" level="INFO">Clicking element 'css=#dateOfBirthInput'.</msg>
<status status="PASS" starttime="20220101 20:33:38.060" endtime="20220101 20:33:38.312"/>
</kw>
<kw name="Select From List By Value" library="SeleniumLibrary">
<arg>${yearselector}</arg>
<arg>${rowdata}[5]</arg>
<doc>Selects options from selection list ``locator`` by ``values``.</doc>
<msg timestamp="20220101 20:33:38.313" level="INFO">Selecting options from selection list 'css=.react-datepicker__year-select' by value 1984.</msg>
<status status="PASS" starttime="20220101 20:33:38.312" endtime="20220101 20:33:38.518"/>
</kw>
<kw name="Select From List By Value" library="SeleniumLibrary">
<arg>${monthselector}</arg>
<arg>${rowdata}[6]</arg>
<doc>Selects options from selection list ``locator`` by ``values``.</doc>
<msg timestamp="20220101 20:33:38.519" level="INFO">Selecting options from selection list 'css=.react-datepicker__month-select' by value 11.</msg>
<status status="PASS" starttime="20220101 20:33:38.518" endtime="20220101 20:33:38.693"/>
</kw>
<kw name="Click Element" library="SeleniumLibrary">
<arg>${datepicker}/div[text()='${rowdata}[7]']</arg>
<doc>Click the element identified by ``locator``.</doc>
<msg timestamp="20220101 20:33:38.694" level="INFO">Clicking element '//div[@class='react-datepicker__week']/div[text()='31']'.</msg>
<status status="PASS" starttime="20220101 20:33:38.693" endtime="20220101 20:33:38.796"/>
</kw>
<kw name="Click Element" library="SeleniumLibrary">
<arg>${subject}</arg>
<doc>Click the element identified by ``locator``.</doc>
<msg timestamp="20220101 20:33:38.797" level="INFO">Clicking element 'css=.subjects-auto-complete__value-container'.</msg>
<status status="PASS" starttime="20220101 20:33:38.797" endtime="20220101 20:33:38.890"/>
</kw>
<kw name="Press Keys" library="SeleniumLibrary">
<arg>${subject}</arg>
<arg>${rowdata}[8]</arg>
<arg>RETURN</arg>
<doc>Simulates the user pressing key(s) to an element or on the active browser.</doc>
<msg timestamp="20220101 20:33:38.894" level="INFO">Sending key(s) ('Computer Science', 'RETURN') to css=.subjects-auto-complete__value-container element.</msg>
<msg timestamp="20220101 20:33:39.212" level="INFO">Sending keys Computer Science</msg>
<msg timestamp="20220101 20:33:39.774" level="INFO">Pressing special key RETURN to element.</msg>
<msg timestamp="20220101 20:33:39.774" level="INFO">Releasing special key RETURN.</msg>
<status status="PASS" starttime="20220101 20:33:38.891" endtime="20220101 20:33:39.809"/>
</kw>
<if>
<branch type="IF" condition="'${rowdata}[9]' == '${listhobbies}[0]'">
<kw name="Click Element" library="SeleniumLibrary">
<arg>//label[contains(text(),'Sports')]</arg>
<doc>Click the element identified by ``locator``.</doc>
<status status="NOT RUN" starttime="20220101 20:33:39.810" endtime="20220101 20:33:39.811"/>
</kw>
<status status="NOT RUN" starttime="20220101 20:33:39.810" endtime="20220101 20:33:39.811"/>
</branch>
<branch type="ELSE IF" condition="'${rowdata}[9]' == '${listhobbies}[1]'">
<kw name="Click Element" library="SeleniumLibrary">
<arg>//label[contains(text(),'Reading')]</arg>
<doc>Click the element identified by ``locator``.</doc>
<msg timestamp="20220101 20:33:39.812" level="INFO">Clicking element '//label[contains(text(),'Reading')]'.</msg>
<status status="PASS" starttime="20220101 20:33:39.811" endtime="20220101 20:33:39.918"/>
</kw>
<status status="PASS" starttime="20220101 20:33:39.811" endtime="20220101 20:33:39.918"/>
</branch>
<branch type="ELSE">
<kw name="Click Element" library="SeleniumLibrary">
<arg>//label[contains(text(),'Music')]</arg>
<doc>Click the element identified by ``locator``.</doc>
<status status="NOT RUN" starttime="20220101 20:33:39.919" endtime="20220101 20:33:39.919"/>
</kw>
<status status="NOT RUN" starttime="20220101 20:33:39.919" endtime="20220101 20:33:39.919"/>
</branch>
<status status="PASS" starttime="20220101 20:33:39.810" endtime="20220101 20:33:39.919"/>
</if>
<kw name="Input Text" library="SeleniumLibrary">
<arg>${currentAddress}</arg>
<arg>${rowdata}[10]</arg>
<doc>Types the given ``text`` into the text field identified by ``locator``.</doc>
<msg timestamp="20220101 20:33:39.921" level="INFO">Typing text '569 Cows Own Road, Cattle Xing' into text field 'id=currentAddress'.</msg>
<status status="PASS" starttime="20220101 20:33:39.919" endtime="20220101 20:33:40.222"/>
</kw>
<kw name="Click Element" library="SeleniumLibrary">
<arg>${state}</arg>
<doc>Click the element identified by ``locator``.</doc>
<msg timestamp="20220101 20:33:40.223" level="INFO">Clicking element 'xpath=//div[contains(text(),'Select State')]'.</msg>
<status status="PASS" starttime="20220101 20:33:40.223" endtime="20220101 20:33:40.351"/>
</kw>
<kw name="Press Keys" library="SeleniumLibrary">
<arg>${state}</arg>
<arg>${rowdata}[11]</arg>
<arg>RETURN</arg>
<doc>Simulates the user pressing key(s) to an element or on the active browser.</doc>
<msg timestamp="20220101 20:33:40.353" level="INFO">Sending key(s) ('Uttar Pradesh', 'RETURN') to xpath=//div[contains(text(),'Select State')] element.</msg>
<msg timestamp="20220101 20:33:40.712" level="INFO">Sending keys Uttar Pradesh</msg>
<msg timestamp="20220101 20:33:41.052" level="INFO">Pressing special key RETURN to element.</msg>
<msg timestamp="20220101 20:33:41.052" level="INFO">Releasing special key RETURN.</msg>
<status status="PASS" starttime="20220101 20:33:40.352" endtime="20220101 20:33:41.084"/>
</kw>
<kw name="Set Selenium Speed" library="SeleniumLibrary">
<arg>0.5</arg>
<doc>Sets the delay that is waited after each Selenium command.</doc>
<status status="PASS" starttime="20220101 20:33:41.084" endtime="20220101 20:33:41.084"/>
</kw>
<kw name="Click Element" library="SeleniumLibrary">
<arg>${city}</arg>
<doc>Click the element identified by ``locator``.</doc>
<msg timestamp="20220101 20:33:41.085" level="INFO">Clicking element 'css=#city'.</msg>
<status status="PASS" starttime="20220101 20:33:41.085" endtime="20220101 20:33:42.304"/>
</kw>
<kw name="Press Keys" library="SeleniumLibrary">
<arg>${city}</arg>
<arg>${rowdata}[12]</arg>
<arg>RETURN</arg>
<doc>Simulates the user pressing key(s) to an element or on the active browser.</doc>
<msg timestamp="20220101 20:33:42.312" level="INFO">Sending key(s) ('Lucknow', 'RETURN') to css=#city element.</msg>
<msg timestamp="20220101 20:33:43.682" level="INFO">Sending keys Lucknow</msg>
<msg timestamp="20220101 20:33:44.384" level="INFO">Pressing special key RETURN to element.</msg>
<msg timestamp="20220101 20:33:44.385" level="INFO">Releasing special key RETURN.</msg>
<status status="PASS" starttime="20220101 20:33:42.305" endtime="20220101 20:33:44.961"/>
</kw>
<kw name="Set Selenium Speed" library="SeleniumLibrary">
<arg>0</arg>
<doc>Sets the delay that is waited after each Selenium command.</doc>
<status status="PASS" starttime="20220101 20:33:44.962" endtime="20220101 20:33:44.963"/>
</kw>
<kw name="Click Button" library="SeleniumLibrary">
<arg>${submit}</arg>
<doc>Clicks the button identified by ``locator``.</doc>
<msg timestamp="20220101 20:33:44.965" level="INFO">Clicking button 'css=#submit'.</msg>
<status status="PASS" starttime="20220101 20:33:44.964" endtime="20220101 20:33:45.224"/>
</kw>
<kw name="Wait Until Element Is Visible" library="SeleniumLibrary">
<arg>${modal}</arg>
<arg>timeout=10s</arg>
<doc>Waits until the element ``locator`` is visible.</doc>
<status status="PASS" starttime="20220101 20:33:45.224" endtime="20220101 20:33:45.464"/>
</kw>
<kw name="Click Element" library="SeleniumLibrary">
<arg>css=#closeLargeModal</arg>
<doc>Click the element identified by ``locator``.</doc>
<msg timestamp="20220101 20:33:45.464" level="INFO">Clicking element 'css=#closeLargeModal'.</msg>
<status status="PASS" starttime="20220101 20:33:45.464" endtime="20220101 20:33:45.631"/>
</kw>
<kw name="Sleep" library="BuiltIn">
<arg>5s</arg>
<doc>Pauses the test executed for the given time.</doc>
<msg timestamp="20220101 20:33:50.639" level="INFO">Slept 5 seconds</msg>
<status status="PASS" starttime="20220101 20:33:45.631" endtime="20220101 20:33:50.640"/>
</kw>
<kw name="Open Excel Document" library="ExcelLibrary">
<arg>Input/TestData.xlsx</arg>
<arg>useTempDir=True</arg>
<doc>Opens xlsx document file.</doc>
<status status="PASS" starttime="20220101 20:33:50.640" endtime="20220101 20:33:50.676"/>
</kw>
<kw name="Write Excel Column" library="ExcelLibrary">
<arg>col_num=15</arg>
<arg>col_data=${rowdata}</arg>
<arg>row_offset=1</arg>
<arg>sheet_name=FormData</arg>
<doc>Writes the data to a column.</doc>
<status status="PASS" starttime="20220101 20:33:50.677" endtime="20220101 20:33:50.680"/>
</kw>
<kw name="Close All Excel Documents" library="ExcelLibrary">
<doc>Closes all opened documents.</doc>
<status status="PASS" starttime="20220101 20:33:50.680" endtime="20220101 20:33:50.681"/>
</kw>
<status status="PASS" starttime="20220101 20:33:33.171" endtime="20220101 20:33:50.681"/>
</iter>
<iter>
<var name="${index}">3</var>
<kw name="Open Excel Document" library="ExcelLibrary">
<arg>Input/TestData.xlsx</arg>
<arg>useTempDir=False</arg>
<doc>Opens xlsx document file.</doc>
<status status="PASS" starttime="20220101 20:33:50.682" endtime="20220101 20:33:50.714"/>
</kw>
<kw name="Evaluate" library="BuiltIn">
<var>${index}</var>
<arg>${index}+1</arg>
<doc>Evaluates the given expression in Python and returns the result.</doc>
<msg timestamp="20220101 20:33:50.716" level="INFO">${index} = 4</msg>
<status status="PASS" starttime="20220101 20:33:50.714" endtime="20220101 20:33:50.716"/>
</kw>
<kw name="Read Excel Row" library="ExcelLibrary">
<var>${rowdata}</var>
<arg>row_num=${index}</arg>
<arg>col_offset=1</arg>
<arg>max_num=13</arg>
<arg>sheet_name=FormData</arg>
<doc>Returns content of a row from the current sheet of the document.</doc>
<msg timestamp="20220101 20:33:50.719" level="INFO">${rowdata} = ['Michael', 'Schumacher', 'mschum@ymail.com', 'Other', 9101280140, '1994', 7, 19, 'Economics', 'Music', 'BMW Headquarters, Petuelring 130', 'Rajasthan', 'Jaipur']</msg>
<status status="PASS" starttime="20220101 20:33:50.717" endtime="20220101 20:33:50.719"/>
</kw>
<kw name="Close All Excel Documents" library="ExcelLibrary">
<doc>Closes all opened documents.</doc>
<status status="PASS" starttime="20220101 20:33:50.720" endtime="20220101 20:33:50.721"/>
</kw>
<kw name="Go To" library="SeleniumLibrary">
<arg>https://demoqa.com/automation-practice-form</arg>
<doc>Navigates the current browser window to the provided ``url``.</doc>
<msg timestamp="20220101 20:33:50.722" level="INFO">Opening url 'https://demoqa.com/automation-practice-form'</msg>
<status status="PASS" starttime="20220101 20:33:50.721" endtime="20220101 20:33:55.848"/>
</kw>
<kw name="Wait Until Element Is Visible" library="SeleniumLibrary">
<arg>${first_name}</arg>
<arg>timeout=10s</arg>
<doc>Waits until the element ``locator`` is visible.</doc>
<status status="PASS" starttime="20220101 20:33:55.848" endtime="20220101 20:33:56.830"/>
</kw>
<kw name="Input Text" library="SeleniumLibrary">
<arg>${first_name}</arg>
<arg>${rowdata}[0]</arg>
<doc>Types the given ``text`` into the text field identified by ``locator``.</doc>
<msg timestamp="20220101 20:33:56.832" level="INFO">Typing text 'Michael' into text field 'css=#firstName'.</msg>
<status status="PASS" starttime="20220101 20:33:56.831" endtime="20220101 20:33:57.171"/>
</kw>
<kw name="Input Text" library="SeleniumLibrary">
<arg>${last_name}</arg>
<arg>${rowdata}[1]</arg>
<doc>Types the given ``text`` into the text field identified by ``locator``.</doc>
<msg timestamp="20220101 20:33:57.173" level="INFO">Typing text 'Schumacher' into text field 'css=#lastName'.</msg>
<status status="PASS" starttime="20220101 20:33:57.172" endtime="20220101 20:33:57.403"/>
</kw>
<kw name="Input Text" library="SeleniumLibrary">
<arg>${email_id}</arg>
<arg>${rowdata}[2]</arg>
<doc>Types the given ``text`` into the text field identified by ``locator``.</doc>
<msg timestamp="20220101 20:33:57.404" level="INFO">Typing text 'mschum@ymail.com' into text field 'css=#userEmail'.</msg>
<status status="PASS" starttime="20220101 20:33:57.403" endtime="20220101 20:33:57.626"/>
</kw>
<if>
<branch type="IF" condition="'${rowdata}[3]' == '${listgender}[0]'">
<kw name="Click Element" library="SeleniumLibrary">
<arg>//label[contains(text(),'Male')]</arg>
<doc>Click the element identified by ``locator``.</doc>
<status status="NOT RUN" starttime="20220101 20:33:57.627" endtime="20220101 20:33:57.627"/>
</kw>
<status status="NOT RUN" starttime="20220101 20:33:57.627" endtime="20220101 20:33:57.627"/>
</branch>
<branch type="ELSE IF" condition="'${rowdata}[3]' == '${listgender}[1]'">
<kw name="Click Element" library="SeleniumLibrary">
<arg>//label[contains(text(),'Female')]</arg>
<doc>Click the element identified by ``locator``.</doc>
<status status="NOT RUN" starttime="20220101 20:33:57.628" endtime="20220101 20:33:57.628"/>
</kw>
<status status="NOT RUN" starttime="20220101 20:33:57.628" endtime="20220101 20:33:57.628"/>
</branch>
<branch type="ELSE">
<kw name="Click Element" library="SeleniumLibrary">
<arg>//label[contains(text(),'Other')]</arg>
<doc>Click the element identified by ``locator``.</doc>
<msg timestamp="20220101 20:33:57.629" level="INFO">Clicking element '//label[contains(text(),'Other')]'.</msg>
<status status="PASS" starttime="20220101 20:33:57.628" endtime="20220101 20:33:57.828"/>
</kw>
<status status="PASS" starttime="20220101 20:33:57.628" endtime="20220101 20:33:57.828"/>
</branch>
<status status="PASS" starttime="20220101 20:33:57.626" endtime="20220101 20:33:57.828"/>
</if>
<kw name="Input Text" library="SeleniumLibrary">
<arg>${mobile_num}</arg>
<arg>${rowdata}[4]</arg>
<doc>Types the given ``text`` into the text field identified by ``locator``.</doc>
<msg timestamp="20220101 20:33:57.829" level="INFO">Typing text '9101280140' into text field 'xpath=//input[@placeholder='Mobile Number']'.</msg>
<status status="PASS" starttime="20220101 20:33:57.828" endtime="20220101 20:33:58.048"/>
</kw>
<kw name="Click Element" library="SeleniumLibrary">
<arg>${adclose}</arg>
<doc>Click the element identified by ``locator``.</doc>
<msg timestamp="20220101 20:33:58.049" level="INFO">Clicking element 'css=#close-fixedban'.</msg>
<status status="PASS" starttime="20220101 20:33:58.048" endtime="20220101 20:33:58.151"/>
</kw>
<kw name="Scroll Element Into View" library="SeleniumLibrary">
<arg>${submit}</arg>
<doc>Scrolls the element identified by ``locator`` into view.</doc>
<status status="PASS" starttime="20220101 20:33:58.151" endtime="20220101 20:33:58.499"/>
</kw>
<kw name="Click Element" library="SeleniumLibrary">
<arg>${dob}</arg>
<doc>Click the element identified by ``locator``.</doc>
<msg timestamp="20220101 20:33:58.501" level="INFO">Clicking element 'css=#dateOfBirthInput'.</msg>
<status status="PASS" starttime="20220101 20:33:58.500" endtime="20220101 20:33:58.804"/>
</kw>
<kw name="Select From List By Value" library="SeleniumLibrary">
<arg>${yearselector}</arg>
<arg>${rowdata}[5]</arg>
<doc>Selects options from selection list ``locator`` by ``values``.</doc>
<msg timestamp="20220101 20:33:58.805" level="INFO">Selecting options from selection list 'css=.react-datepicker__year-select' by value 1994.</msg>
<status status="PASS" starttime="20220101 20:33:58.804" endtime="20220101 20:33:59.053"/>
</kw>
<kw name="Select From List By Value" library="SeleniumLibrary">
<arg>${monthselector}</arg>
<arg>${rowdata}[6]</arg>
<doc>Selects options from selection list ``locator`` by ``values``.</doc>
<msg timestamp="20220101 20:33:59.056" level="INFO">Selecting options from selection list 'css=.react-datepicker__month-select' by value 7.</msg>
<status status="PASS" starttime="20220101 20:33:59.053" endtime="20220101 20:33:59.250"/>
</kw>
<kw name="Click Element" library="SeleniumLibrary">
<arg>${datepicker}/div[text()='${rowdata}[7]']</arg>
<doc>Click the element identified by ``locator``.</doc>
<msg timestamp="20220101 20:33:59.251" level="INFO">Clicking element '//div[@class='react-datepicker__week']/div[text()='19']'.</msg>
<status status="PASS" starttime="20220101 20:33:59.250" endtime="20220101 20:33:59.373"/>
</kw>
<kw name="Click Element" library="SeleniumLibrary">
<arg>${subject}</arg>
<doc>Click the element identified by ``locator``.</doc>
<msg timestamp="20220101 20:33:59.374" level="INFO">Clicking element 'css=.subjects-auto-complete__value-container'.</msg>
<status status="PASS" starttime="20220101 20:33:59.373" endtime="20220101 20:33:59.483"/>
</kw>
<kw name="Press Keys" library="SeleniumLibrary">
<arg>${subject}</arg>
<arg>${rowdata}[8]</arg>
<arg>RETURN</arg>
<doc>Simulates the user pressing key(s) to an element or on the active browser.</doc>
<msg timestamp="20220101 20:33:59.485" level="INFO">Sending key(s) ('Economics', 'RETURN') to css=.subjects-auto-complete__value-container element.</msg>
<msg timestamp="20220101 20:33:59.806" level="INFO">Sending keys Economics</msg>
<msg timestamp="20220101 20:34:00.161" level="INFO">Pressing special key RETURN to element.</msg>
<msg timestamp="20220101 20:34:00.161" level="INFO">Releasing special key RETURN.</msg>
<status status="PASS" starttime="20220101 20:33:59.484" endtime="20220101 20:34:00.202"/>
</kw>
<if>
<branch type="IF" condition="'${rowdata}[9]' == '${listhobbies}[0]'">
<kw name="Click Element" library="SeleniumLibrary">
<arg>//label[contains(text(),'Sports')]</arg>
<doc>Click the element identified by ``locator``.</doc>
<status status="NOT RUN" starttime="20220101 20:34:00.203" endtime="20220101 20:34:00.203"/>
</kw>
<status status="NOT RUN" starttime="20220101 20:34:00.203" endtime="20220101 20:34:00.203"/>
</branch>
<branch type="ELSE IF" condition="'${rowdata}[9]' == '${listhobbies}[1]'">
<kw name="Click Element" library="SeleniumLibrary">
<arg>//label[contains(text(),'Reading')]</arg>
<doc>Click the element identified by ``locator``.</doc>
<status status="NOT RUN" starttime="20220101 20:34:00.204" endtime="20220101 20:34:00.204"/>
</kw>
<status status="NOT RUN" starttime="20220101 20:34:00.203" endtime="20220101 20:34:00.204"/>
</branch>
<branch type="ELSE">
<kw name="Click Element" library="SeleniumLibrary">
<arg>//label[contains(text(),'Music')]</arg>
<doc>Click the element identified by ``locator``.</doc>
<msg timestamp="20220101 20:34:00.205" level="INFO">Clicking element '//label[contains(text(),'Music')]'.</msg>
<status status="PASS" starttime="20220101 20:34:00.204" endtime="20220101 20:34:00.322"/>
</kw>
<status status="PASS" starttime="20220101 20:34:00.204" endtime="20220101 20:34:00.322"/>
</branch>
<status status="PASS" starttime="20220101 20:34:00.202" endtime="20220101 20:34:00.322"/>
</if>
<kw name="Input Text" library="SeleniumLibrary">
<arg>${currentAddress}</arg>
<arg>${rowdata}[10]</arg>
<doc>Types the given ``text`` into the text field identified by ``locator``.</doc>
<msg timestamp="20220101 20:34:00.323" level="INFO">Typing text 'BMW Headquarters, Petuelring 130' into text field 'id=currentAddress'.</msg>
<status status="PASS" starttime="20220101 20:34:00.322" endtime="20220101 20:34:00.620"/>
</kw>
<kw name="Click Element" library="SeleniumLibrary">
<arg>${state}</arg>
<doc>Click the element identified by ``locator``.</doc>
<msg timestamp="20220101 20:34:00.621" level="INFO">Clicking element 'xpath=//div[contains(text(),'Select State')]'.</msg>
<status status="PASS" starttime="20220101 20:34:00.620" endtime="20220101 20:34:00.724"/>
</kw>
<kw name="Press Keys" library="SeleniumLibrary">
<arg>${state}</arg>
<arg>${rowdata}[11]</arg>
<arg>RETURN</arg>
<doc>Simulates the user pressing key(s) to an element or on the active browser.</doc>
<msg timestamp="20220101 20:34:00.726" level="INFO">Sending key(s) ('Rajasthan', 'RETURN') to xpath=//div[contains(text(),'Select State')] element.</msg>
<msg timestamp="20220101 20:34:01.048" level="INFO">Sending keys Rajasthan</msg>
<msg timestamp="20220101 20:34:01.304" level="INFO">Pressing special key RETURN to element.</msg>
<msg timestamp="20220101 20:34:01.304" level="INFO">Releasing special key RETURN.</msg>
<status status="PASS" starttime="20220101 20:34:00.725" endtime="20220101 20:34:01.366"/>
</kw>
<kw name="Set Selenium Speed" library="SeleniumLibrary">
<arg>0.5</arg>
<doc>Sets the delay that is waited after each Selenium command.</doc>
<status status="PASS" starttime="20220101 20:34:01.366" endtime="20220101 20:34:01.366"/>
</kw>
<kw name="Click Element" library="SeleniumLibrary">
<arg>${city}</arg>
<doc>Click the element identified by ``locator``.</doc>
<msg timestamp="20220101 20:34:01.369" level="INFO">Clicking element 'css=#city'.</msg>
<status status="PASS" starttime="20220101 20:34:01.367" endtime="20220101 20:34:02.488"/>
</kw>
<kw name="Press Keys" library="SeleniumLibrary">
<arg>${city}</arg>
<arg>${rowdata}[12]</arg>
<arg>RETURN</arg>
<doc>Simulates the user pressing key(s) to an element or on the active browser.</doc>
<msg timestamp="20220101 20:34:02.492" level="INFO">Sending key(s) ('Jaipur', 'RETURN') to css=#city element.</msg>
<msg timestamp="20220101 20:34:03.855" level="INFO">Sending keys Jaipur</msg>
<msg timestamp="20220101 20:34:04.575" level="INFO">Pressing special key RETURN to element.</msg>
<msg timestamp="20220101 20:34:04.576" level="INFO">Releasing special key RETURN.</msg>
<status status="PASS" starttime="20220101 20:34:02.489" endtime="20220101 20:34:05.225"/>
</kw>
<kw name="Set Selenium Speed" library="SeleniumLibrary">
<arg>0</arg>
<doc>Sets the delay that is waited after each Selenium command.</doc>
<status status="PASS" starttime="20220101 20:34:05.226" endtime="20220101 20:34:05.227"/>
</kw>
<kw name="Click Button" library="SeleniumLibrary">
<arg>${submit}</arg>
<doc>Clicks the button identified by ``locator``.</doc>
<msg timestamp="20220101 20:34:05.230" level="INFO">Clicking button 'css=#submit'.</msg>
<status status="PASS" starttime="20220101 20:34:05.228" endtime="20220101 20:34:05.599"/>
</kw>
<kw name="Wait Until Element Is Visible" library="SeleniumLibrary">
<arg>${modal}</arg>
<arg>timeout=10s</arg>
<doc>Waits until the element ``locator`` is visible.</doc>
<status status="PASS" starttime="20220101 20:34:05.600" endtime="20220101 20:34:05.691"/>
</kw>
<kw name="Click Element" library="SeleniumLibrary">
<arg>css=#closeLargeModal</arg>
<doc>Click the element identified by ``locator``.</doc>
<msg timestamp="20220101 20:34:05.692" level="INFO">Clicking element 'css=#closeLargeModal'.</msg>
<status status="PASS" starttime="20220101 20:34:05.691" endtime="20220101 20:34:05.832"/>
</kw>
<kw name="Sleep" library="BuiltIn">
<arg>5s</arg>
<doc>Pauses the test executed for the given time.</doc>
<msg timestamp="20220101 20:34:10.838" level="INFO">Slept 5 seconds</msg>
<status status="PASS" starttime="20220101 20:34:05.833" endtime="20220101 20:34:10.838"/>
</kw>
<kw name="Open Excel Document" library="ExcelLibrary">
<arg>Input/TestData.xlsx</arg>
<arg>useTempDir=True</arg>
<doc>Opens xlsx document file.</doc>
<status status="PASS" starttime="20220101 20:34:10.839" endtime="20220101 20:34:10.873"/>
</kw>
<kw name="Write Excel Column" library="ExcelLibrary">
<arg>col_num=15</arg>
<arg>col_data=${rowdata}</arg>
<arg>row_offset=1</arg>
<arg>sheet_name=FormData</arg>
<doc>Writes the data to a column.</doc>
<status status="PASS" starttime="20220101 20:34:10.873" endtime="20220101 20:34:10.876"/>
</kw>
<kw name="Close All Excel Documents" library="ExcelLibrary">
<doc>Closes all opened documents.</doc>
<status status="PASS" starttime="20220101 20:34:10.877" endtime="20220101 20:34:10.877"/>
</kw>
<status status="PASS" starttime="20220101 20:33:50.682" endtime="20220101 20:34:10.879"/>
</iter>
<status status="PASS" starttime="20220101 20:33:08.063" endtime="20220101 20:34:10.879"/>
</for>
<kw name="Close Browser" library="SeleniumLibrary">
<doc>Closes the current browser.</doc>
<status status="PASS" starttime="20220101 20:34:10.879" endtime="20220101 20:34:14.321"/>
</kw>
<status status="PASS" starttime="20220101 20:33:05.484" endtime="20220101 20:34:14.322"/>
</kw>
<status status="PASS" starttime="20220101 20:33:05.482" endtime="20220101 20:34:14.324"/>
</test>
<doc>This is the test for auto-fill formwise</doc>
<status status="PASS" starttime="20220101 20:33:03.859" endtime="20220101 20:34:14.330"/>
</suite>
<statistics>
<total>
<stat pass="1" fail="0" skip="0">All Tests</stat>
</total>
<tag>
</tag>
<suite>
<stat pass="1" fail="0" skip="0" id="s1" name="FormwiseTest">FormwiseTest</stat>
</suite>
</statistics>
<errors>
</errors>
</robot>
